/*C2*/SET SCHEMA PUBLIC
create table AttachmentTable (idAttachment varchar(63) not null, wikiTextId varchar(63), fileName varchar(255), attachmentType varchar(63), fileBlob varbinary(255), dateCreated timestamp, lastModified timestamp, primary key (idAttachment))
create table CollectionTable (idCollection varchar(63) not null, authorId varchar(63), name varchar(255), description varchar(255), dateCreated timestamp, lastModified timestamp, primary key (idCollection))
create table CollectionXref (collectionId varchar(63) not null, objectId varchar(63) not null, authorId varchar(63), objectType varchar(63), dateCreated timestamp, lastmodified timestamp, primary key (collectionId, objectId))
create table CompositeXref (idComposite varchar(63) not null, parentPart varchar(63), childPart varchar(63), position integer, primary key (idComposite))
create table ContainerTable (idContainer varchar(63) not null, plateId varchar(63), name varchar(255), row smallint, col smallint, barcode varchar(255), isFixed bit, dateCreated timestamp, lastModified timestamp, primary key (idContainer))
create table FactoidTable (idFactoid varchar(63) not null, authorId varchar(63), wikiTextId varchar(63), name varchar(255), reference varchar(63), dateCreated timestamp, lastModified timestamp, primary key (idFactoid))
create table FamilyNoteXref (familyId varchar(63) not null, noteId varchar(63) not null, dateCreated timestamp, lastModified timestamp, primary key (familyId, noteId))
create table FamilyTable (idFamily varchar(63) not null, superFamilyId varchar(63), authorId varchar(63), SOterm varchar(20), level integer, isExtendable tinyint, name varchar(255), riskGroup smallint, description varchar(255), dateCreated timestamp, lastModified timestamp, familyData varchar(65535), personId varchar(63), primary key (idFamily))
create table FeatureFamilyXref (familyId varchar(63) not null, featureId varchar(63) not null, dateCreated timestamp, lastModified timestamp, primary key (familyId, featureId))
create table FeatureNoteXref (noteId varchar(63) not null, featureId varchar(63) not null, lastModified timestamp, dateCreated timestamp, primary key (noteId, featureId))
create table FeatureTable (idFeature varchar(63) not null, authorId varchar(63), nucseqId varchar(63), name varchar(255), riskGroup smallint, genbankId varchar(63), swissprotId varchar(63), pdbId varchar(63), forColor integer, revColor integer, dateCreated timestamp, lastModified timestamp, featureData varchar(65535), isCDS bit, primary key (idFeature))
create table FeatureTraitXref (featureId varchar(63) not null, traitId varchar(63) not null, value varchar(65535), dateCreated timestamp, lastModified timestamp, primary key (featureId, traitId))
create table FlexfieldDataXref (idFlexfieldDataXref varchar(63) not null, authorId varchar(63), flexfieldId varchar(63), objectId varchar(63), objectType varchar(63), data1 varchar(65535), data2 varchar(63), date3 varchar(63), primary key (idFlexfieldDataXref))
create table FlexfieldTable (idFlexfield varchar(63) not null, pluginId varchar(63), name varchar(63), dateCreated timestamp, lastModified timestamp, primary key (idFlexfield))
create table FormatTable (idformat varchar(63) not null, name varchar(255), pluginHelpLink varchar(255), pluginDownloadLink varchar(255), description varchar(255), pluginId varchar(63), dateCreated timestamp, lastModified timestamp, primary key (idformat))
create table GrammarTable (idGrammar varchar(63) not null, name varchar(255), pluginHelpLink varchar(255), pluginDownloadLink varchar(255), description varchar(255), pluginId varchar(63), dateCreated timestamp, lastModified timestamp, primary key (idGrammar))
create table InstitutionTable (idInstitution varchar(63) not null, name varchar(255), city varchar(255), stateProvince varchar(255), country varchar(255), dateCreated timestamp, lastModified timestamp, primary key (idInstitution))
create table LabTable (idLab varchar(63) not null, principalInvestigatorId varchar(63), institutionId varchar(63), name varchar(255), department varchar(255), website varchar(255), address varchar(255), dateCreated timestamp, lastModified timestamp, primary key (idLab))
create table NoteFactoidXref (noteId varchar(63) not null, factoidId varchar(63) not null, authorId varchar(63), dateCreated timestamp, lastModified timestamp, primary key (noteId, factoidId))
create table NoteNoteXref (parentNoteId varchar(63) not null, childNoteId varchar(63) not null, authorId varchar(63), dateCreated timestamp, lastModified timestamp, primary key (parentNoteId, childNoteId))
create table NoteTable (idNote varchar(63) not null, authorId varchar(63), blurbId varchar(63), name varchar(255), dateCreated timestamp, lastModified timestamp, primary key (idNote))
create table NucseqAnnotation (annotationId varchar(63) not null, authorId varchar(63), featureId varchar(63), nucseqId varchar(63), name varchar(255), forwardColor integer, reverseColor integer, startx integer, endx integer, reverseComplement bit, dateCreated timestamp, lastModified timestamp, primary key (annotationId))
create table NucseqTable (idNucseq varchar(63) not null, sequence varchar(65535), isLocked bit, dateCreated timestamp, lastmodified timestamp, primary key (idNucseq))
create table OligoTable (idOligo varchar(63) not null, authorId varchar(63), nucseqId varchar(63), name varchar(255), description varchar(255), dateCreated timestamp, lastModified timestamp, primary key (idOligo))
create table PartGrammarXref (partId varchar(63) not null, grammarId varchar(63) not null, authorId varchar(63), token varchar(63), dateCreated timestamp, lastModified timestamp, primary key (partId, grammarId))
create table PartTable (idPart varchar(63) not null, authorId varchar(63), formatId varchar(63), nucseqId varchar(63), description varchar(255), name varchar(255), riskGroup smallint, dateCreated timestamp, lastModified timestamp, hash varchar(63), isBasic tinyint, primary key (idPart))
create table PersonTable (idPerson varchar(63) not null, personalCollectionId varchar(63), labId varchar(63), biographID varchar(63), displayName varchar(255), givenName varchar(255), surName varchar(255), nickName varchar(255), emailAddress varchar(255), snailMailAddress varchar(255), registryName varchar(255), dateCreated timestamp, lastModified timestamp, password varchar(63), isAdministrator bit, primary key (idPerson))
create table PlasmidTable (idPlasmid varchar(63) not null, authorId varchar(63), formatId varchar(63), vectorId varchar(63), partId varchar(63), name varchar(255), constructionFile varchar(65535), riskGroup smallint, dateCreated timestamp, lastModified timestamp, primary key (idPlasmid))
create table PlateTable (idPlate varchar(63) not null, authorId varchar(63), plateTypeId varchar(63), name varchar(255), barcode varchar(255), location varchar(255), dateCreated timestamp, lastModified timestamp, primary key (idPlate))
create table PlateTypeTable (idPlateType varchar(63) not null, AttachmentTable_idAttachment varchar(63), name varchar(255), numRows smallint, numColumns smallint, isContainerFixed bit, dateCreated timestamp, wellPosX varchar(1), lastModified timestamp, wellPosY varchar(1), wellDiameter integer, squareWells bit, squareWellHeight integer, squareWellWidth integer, mmWidth double, mmHeight double, mmXOffset double, mmYOffset double, mmXWellSpacing double, mmYWellSpacing double, mmWellWidth double, mmWellHeight double, mmWellDiameter double, primary key (idPlateType))
create table SampleDataTable (idSampleData varchar(63) not null, attachmentId varchar(63), authorId varchar(63), wikiTextId varchar(63), name varchar(255), dataType varchar(63), dateCreated timestamp, lastModified timestamp, freeString1 varchar(65535), freeString2 varchar(65535), freeString3 varchar(65535), freeString4 varchar(65535), primary key (idSampleData))
create table SampleDataXref (sampleId varchar(63) not null, sampleDataId varchar(63) not null, dateCreated timestamp, lastModified timestamp, primary key (sampleId, sampleDataId))
create table SampleTable (idSample varchar(63) not null, authorId varchar(63), plasmidId varchar(63), oligoId varchar(63), strainId varchar(63), containerId varchar(63), name varchar(255), sampleType varchar(255), quality smallint, concentration double, volume double, dateLastUsed timestamp, dateCreated timestamp, lastModified timestamp, primary key (idSample))
create table SearchtagTable (idSearchtag varchar(63) not null, authorId varchar(63), name varchar(255), objectId varchar(63), objectType varchar(63), dateCreated timestamp, lastModified timestamp, primary key (idSearchtag))
create table StrainNoteXref (strainId varchar(63) not null, noteId varchar(63) not null, dateCreated timestamp, lastModified timestamp, primary key (strainId, noteId))
create table StrainPlasmidXref (strainId varchar(63) not null, plasmidId varchar(63) not null, authorId varchar(63), genomeStart integer, genomeEnd integer, revComp bit, isGenomic bit, dateCreated timestamp, lastModified timestamp, primary key (strainId, plasmidId))
create table StrainTable (idStrain varchar(63) not null, parentStrainId varchar(63), genbankFileId varchar(63), personId varchar(63), name varchar(255), description varchar(255), isBasic bit, genomeId varchar(63), strainType varchar(63), riskGroup smallint, dateCreated timestamp, lastModified timestamp, primary key (idStrain))
create table TraitFamilyXref (traitId varchar(63) not null, familyId varchar(63) not null, position integer, dateCreated timestamp, lastModified timestamp, primary key (traitId, familyId))
create table VectorTable (idVector varchar(63) not null, authorId varchar(63), formatId varchar(63), nucseqId varchar(63), description varchar(255), isCircular bit, isGenomic bit, name varchar(255), riskGroup smallint, dateCreated timestamp, lastModified timestamp, hash varchar(63), primary key (idVector))
create table WikitextTable (idWikitext varchar(63) not null, name varchar(255), text varchar(65535), dateCreated timestamp, lastModified timestamp, primary key (idWikitext))
alter table AttachmentTable add constraint FK9BD1E84BCC51E868 foreign key (wikiTextId) references WikitextTable
alter table CollectionTable add constraint FK324C7B06F2C69DE foreign key (authorId) references PersonTable
alter table CollectionXref add constraint FKD6D1B4F96F2C69DE foreign key (authorId) references PersonTable
alter table CollectionXref add constraint FKD6D1B4F9983D3908 foreign key (collectionId) references CollectionTable
alter table CompositeXref add constraint FK79BFC0225A8CDAE9 foreign key (childPart) references PartTable
alter table CompositeXref add constraint FK79BFC02251A37777 foreign key (parentPart) references PartTable
alter table ContainerTable add constraint FKF6A373ED1D3B68AA foreign key (plateId) references PlateTable
alter table FactoidTable add constraint FK9926AAB06F2C69DE foreign key (authorId) references PersonTable
alter table FactoidTable add constraint FK9926AAB0CC51E868 foreign key (wikiTextId) references WikitextTable
alter table FamilyNoteXref add constraint FK2A07D1F82F53C8 foreign key (noteId) references NoteTable
alter table FamilyNoteXref add constraint FK2A07D1268C82C8 foreign key (familyId) references FamilyTable
alter table FamilyTable add constraint FK274416AA342B9928 foreign key (personId) references PersonTable
alter table FamilyTable add constraint FK274416AA5B1A4743 foreign key (superFamilyId) references FamilyTable
alter table FamilyTable add constraint FK274416AA6F2C69DE foreign key (authorId) references PersonTable
alter table FeatureFamilyXref add constraint FK45499E1572FA786A foreign key (featureId) references FeatureTable
alter table FeatureFamilyXref add constraint FK45499E15268C82C8 foreign key (familyId) references FamilyTable
alter table FeatureNoteXref add constraint FK40F86123F82F53C8 foreign key (noteId) references NoteTable
alter table FeatureNoteXref add constraint FK40F8612372FA786A foreign key (featureId) references FeatureTable
alter table FeatureTable add constraint FK513A8E986F2C69DE foreign key (authorId) references PersonTable
alter table FeatureTable add constraint FK513A8E98F81B2668 foreign key (nucseqId) references NucseqTable
alter table FeatureTraitXref add constraint FKAA8DD21372FA786A foreign key (featureId) references FeatureTable
alter table FlexfieldDataXref add constraint FKE205EB867F21B84A foreign key (flexfieldId) references FlexfieldTable
alter table FlexfieldDataXref add constraint FKE205EB866F2C69DE foreign key (authorId) references PersonTable
alter table LabTable add constraint FK8E1DFE61E3A47C2A foreign key (principalInvestigatorId) references PersonTable
alter table LabTable add constraint FK8E1DFE618E2A0AA foreign key (institutionId) references InstitutionTable
alter table NoteFactoidXref add constraint FKC4016EA7F82F53C8 foreign key (noteId) references NoteTable
alter table NoteFactoidXref add constraint FKC4016EA76F2C69DE foreign key (authorId) references PersonTable
alter table NoteFactoidXref add constraint FKC4016EA784D5AF6A foreign key (factoidId) references FactoidTable
alter table NoteNoteXref add constraint FK79AB765F6F2C69DE foreign key (authorId) references PersonTable
alter table NoteNoteXref add constraint FK79AB765F177603E4 foreign key (childNoteId) references NoteTable
alter table NoteNoteXref add constraint FK79AB765FA357B4F2 foreign key (parentNoteId) references NoteTable
alter table NoteTable add constraint FKE0F5E2DC6F2C69DE foreign key (authorId) references PersonTable
alter table NoteTable add constraint FKE0F5E2DC83EB20E6 foreign key (blurbId) references WikitextTable
alter table NucseqAnnotation add constraint FK2584FB1272FA786A foreign key (featureId) references FeatureTable
alter table NucseqAnnotation add constraint FK2584FB126F2C69DE foreign key (authorId) references PersonTable
alter table NucseqAnnotation add constraint FK2584FB12F81B2668 foreign key (nucseqId) references NucseqTable
alter table OligoTable add constraint FK95BD343A6F2C69DE foreign key (authorId) references PersonTable
alter table OligoTable add constraint FK95BD343AF81B2668 foreign key (nucseqId) references NucseqTable
alter table PartGrammarXref add constraint FKB600B4F1E8F56CA foreign key (grammarId) references GrammarTable
alter table PartGrammarXref add constraint FKB600B4F24D7B028 foreign key (partId) references PartTable
alter table PartGrammarXref add constraint FKB600B4F6F2C69DE foreign key (authorId) references PersonTable
alter table PartTable add constraint FKAFA877B6F2C69DE foreign key (authorId) references PersonTable
alter table PartTable add constraint FKAFA877BF81B2668 foreign key (nucseqId) references NucseqTable
alter table PartTable add constraint FKAFA877BA6518DE8 foreign key (formatId) references FormatTable
alter table PersonTable add constraint FK49682559775FFF48 foreign key (personalCollectionId) references CollectionTable
alter table PersonTable add constraint FK49682559D90D8D8A foreign key (labId) references LabTable
alter table PersonTable add constraint FK49682559F45DFE91 foreign key (biographID) references WikitextTable
alter table PlasmidTable add constraint FKFF5123B4C5F65A68 foreign key (vectorId) references VectorTable
alter table PlasmidTable add constraint FKFF5123B424D7B028 foreign key (partId) references PartTable
alter table PlasmidTable add constraint FKFF5123B46F2C69DE foreign key (authorId) references PersonTable
alter table PlasmidTable add constraint FKFF5123B4A6518DE8 foreign key (formatId) references FormatTable
alter table PlateTable add constraint FKE99DCA7873C43DCA foreign key (plateTypeId) references PlateTypeTable
alter table PlateTable add constraint FKE99DCA786F2C69DE foreign key (authorId) references PersonTable
alter table PlateTypeTable add constraint FK8D435A5EE50D911C foreign key (AttachmentTable_idAttachment) references AttachmentTable
alter table SampleDataTable add constraint FK3549B79A6F2C69DE foreign key (authorId) references PersonTable
alter table SampleDataTable add constraint FK3549B79ACC51E868 foreign key (wikiTextId) references WikitextTable
alter table SampleDataTable add constraint FK3549B79A79EB76E8 foreign key (attachmentId) references AttachmentTable
alter table SampleDataXref add constraint FK1BA1FCFB2028508 foreign key (sampleId) references SampleTable
alter table SampleDataXref add constraint FK1BA1FCF8B8E6528 foreign key (sampleDataId) references SampleDataTable
alter table SampleTable add constraint FK6BE87824CADF2C4A foreign key (containerId) references ContainerTable
alter table SampleTable add constraint FK6BE8782480D6528 foreign key (strainId) references StrainTable
alter table SampleTable add constraint FK6BE8782494DF8FEA foreign key (oligoId) references OligoTable
alter table SampleTable add constraint FK6BE878246F2C69DE foreign key (authorId) references PersonTable
alter table SampleTable add constraint FK6BE87824C0BBEDEA foreign key (plasmidId) references PlasmidTable
alter table SearchtagTable add constraint FK12CA461C6F2C69DE foreign key (authorId) references PersonTable
alter table StrainNoteXref add constraint FK6FAC4CE2F82F53C8 foreign key (noteId) references NoteTable
alter table StrainNoteXref add constraint FK6FAC4CE280D6528 foreign key (strainId) references StrainTable
alter table StrainPlasmidXref add constraint FKC564BBC080D6528 foreign key (strainId) references StrainTable
alter table StrainPlasmidXref add constraint FKC564BBC06F2C69DE foreign key (authorId) references PersonTable
alter table StrainPlasmidXref add constraint FKC564BBC0C0BBEDEA foreign key (plasmidId) references PlasmidTable
alter table StrainTable add constraint FKCD295339342B9928 foreign key (personId) references PersonTable
alter table StrainTable add constraint FKCD295339EE88758D foreign key (genbankFileId) references AttachmentTable
alter table StrainTable add constraint FKCD2953398AA223D2 foreign key (parentStrainId) references StrainTable
alter table TraitFamilyXref add constraint FKB6558F2D268C82C8 foreign key (familyId) references FamilyTable
alter table VectorTable add constraint FK8576642B6F2C69DE foreign key (authorId) references PersonTable
alter table VectorTable add constraint FK8576642BF81B2668 foreign key (nucseqId) references NucseqTable
alter table VectorTable add constraint FK8576642BA6518DE8 foreign key (formatId) references FormatTable
